
---------------------------------------------
-----------------B2JpsiKstar-----------------
---------------------------------------------

------ Generator level Cut Efficiency -------

0.16049 +/- 0.00043

------ Stripping Efficiency -------

Generated Events:  2.01954e+06
Events after Stripping (not-truthmatched): 306508
Events after Stripping (truthmatched): 306508

=> Effizienz: 0.151771 +/- 0.000252479

------ Preselectionefficiency (with cut on Jpsi) -------

Events before Cuts (Truthmatched):  306508
Events after Preselection: 14957

=> Effizienz: 0.0487981 +/- 0.00038915

------ BDT Efficiency --------

Events before BDT-cut (preselected, truthmatched):  14957

Events after Common-cut: 1759		Effizienz: 0.117604 +/- 0.00263403
Events after Punzi-cut: 113		Effizienz: 0.00755499 +/- 0.000708024

------ Trigger Efficiency --------

Events after BDT Common-cut (preselected, truthmatched):  1759
Events after BDT Punzi-cut (preselected, truthmatched):  113

Events after Common-cut and Triggerrequ.: 1547		Effizienz: 0.879477 +/- 0.00776273
Events after Punzi-cut and Triggerrequ: 107		Effizienz: 0.946903 +/- 0.0210936

------ Total Efficiency --------

With Common-Cut: (0.0122938 +/- 0.000314177) %
With Punzi-Cut: (0.000850315 +/- 8.22325e-05) %



------ Peaking Background Events after Selection (using controlchannel)-------------

Resonant decays after selection: 4767 +/- 84
Resonant BR: 1.5418e-05 +/- 5.33928e-06	NOTE: Symmetric error for Bs -> f2 Jpsi assumed
Resonant Efficiency (punzi-cut): 0.004258 +/- 0.000186

BR of this decay: 7.9462e-05 +/- 3.62053e-06
fd/fs: 3.861 +/- 0.22361

Punzi-Cut: N(peaking) = 189.431 +/- 70.0962

